<?xml version="1.0" encoding="UTF-8"?>
<testsuites name="LoginForm" time="22.788" tests="2" failures="0" errors="0">
   <testsuite name="LoginForm" tests="2" failures="0" errors="0" time="22.788" timestamp="2020-09-22 16:27:25" hostname="MAY - MAY123" id="Test Suites/LoginForm">
      <properties>
         <property name="deviceName" value=""/>
         <property name="devicePlatform" value=""/>
         <property name="logFolder" value="C:\\Users\\MAY\\Katalon Studio\\tet\\Reports\\20200922_162720\\LoginForm\\20200922_162720"/>
         <property name="logFiles" value="C:\\Users\\MAY\\Katalon Studio\\tet\\Reports\\20200922_162720\\LoginForm\\20200922_162720\\execution0.log"/>
         <property name="attachments" value=""/>
         <property name="hostName" value="MAY - MAY123"/>
         <property name="os" value="Windows 10 64bit"/>
         <property name="katalonVersion" value="7.7.0.205"/>
         <property name="browser" value="Chrome 85.0.4183.102"/>
         <property name="hostAddress" value="192.168.1.21"/>
         <property name="sessionId" value="0392b5334589dbeeebad7ded0c40ca4a"/>
         <property name="seleniumVersion" value="3.141.59"/>
         <property name="proxyInformation" value="ProxyInformation { proxyOption=NO_PROXY, proxyServerType=HTTP, username=, password=********, proxyServerAddress=, proxyServerPort=0, executionList=&quot;&quot;, isApplyToDesiredCapabilities=true }"/>
         <property name="platform" value="Windows 10"/>
      </properties>
      <testcase name="Test Cases/001-Success Login" time="11.842" classname="Test Cases/001-Success Login" status="PASSED">
         <system-out><![CDATA[2020-09-22 16:27:25 - [TEST_CASE][PASSED] - Test Cases/001-Success Login: Test Cases/001-Success Login

2020-09-22 16:27:25 - [TEST_STEP][PASSED] - openBrowser(""): Browser is opened with url: ''

2020-09-22 16:27:25 - [MESSAGE][INFO] - Starting 'Chrome' driver

2020-09-22 16:27:25 - [MESSAGE][INFO] - Action delay is set to 0 milliseconds

2020-09-22 16:27:28 - [MESSAGE][PASSED] - Browser is opened with url: ''

2020-09-22 16:27:28 - [TEST_STEP][PASSED] - navigateToUrl("https://katalon-demo-cura.herokuapp.com/"): Navigate to 'https://katalon-demo-cura.herokuapp.com/' successfully

2020-09-22 16:27:31 - [MESSAGE][PASSED] - Navigate to 'https://katalon-demo-cura.herokuapp.com/' successfully

2020-09-22 16:27:31 - [TEST_STEP][PASSED] - click(findTestObject("Object Repository/Page_CURA Healthcare Service/a_Make Appointment")): Object: 'Object Repository/Page_CURA Healthcare Service/a_Make Appointment' is clicked on

2020-09-22 16:27:32 - [MESSAGE][PASSED] - Object: 'Object Repository/Page_CURA Healthcare Service/a_Make Appointment' is clicked on

2020-09-22 16:27:32 - [TEST_STEP][PASSED] - click(findTestObject("Object Repository/Page_CURA Healthcare Service/input_Demo account_form-control")): Object: 'Object Repository/Page_CURA Healthcare Service/input_Demo account_form-control' is clicked on

2020-09-22 16:27:32 - [MESSAGE][PASSED] - Object: 'Object Repository/Page_CURA Healthcare Service/input_Demo account_form-control' is clicked on

2020-09-22 16:27:32 - [TEST_STEP][PASSED] - click(findTestObject("Object Repository/Page_CURA Healthcare Service/input_Demo account_form-control")): Object: 'Object Repository/Page_CURA Healthcare Service/input_Demo account_form-control' is clicked on

2020-09-22 16:27:33 - [MESSAGE][PASSED] - Object: 'Object Repository/Page_CURA Healthcare Service/input_Demo account_form-control' is clicked on

2020-09-22 16:27:33 - [TEST_STEP][PASSED] - setText(findTestObject("Object Repository/Page_CURA Healthcare Service/input_Username_username"), "John Doe"): Text 'John Doe' is set on object 'Object Repository/Page_CURA Healthcare Service/input_Username_username'

2020-09-22 16:27:33 - [MESSAGE][PASSED] - Text 'John Doe' is set on object 'Object Repository/Page_CURA Healthcare Service/input_Username_username'

2020-09-22 16:27:33 - [TEST_STEP][PASSED] - setEncryptedText(findTestObject("Object Repository/Page_CURA Healthcare Service/input_Password_password"), "g3/DOGG74jC3Flrr3yH+3D/yKbOqqUNM"): Text ****** has been set on object 'Object Repository/Page_CURA Healthcare Service/input_Password_password'

2020-09-22 16:27:34 - [MESSAGE][PASSED] - Text ****** has been set on object 'Object Repository/Page_CURA Healthcare Service/input_Password_password'

2020-09-22 16:27:34 - [TEST_STEP][PASSED] - click(findTestObject("Object Repository/Page_CURA Healthcare Service/button_Login")): Object: 'Object Repository/Page_CURA Healthcare Service/button_Login' is clicked on

2020-09-22 16:27:35 - [MESSAGE][PASSED] - Object: 'Object Repository/Page_CURA Healthcare Service/button_Login' is clicked on

2020-09-22 16:27:35 - [TEST_STEP][PASSED] - click(findTestObject("Object Repository/Page_CURA Healthcare Service/label_Comment")): Object: 'Object Repository/Page_CURA Healthcare Service/label_Comment' is clicked on

2020-09-22 16:27:35 - [MESSAGE][PASSED] - Object: 'Object Repository/Page_CURA Healthcare Service/label_Comment' is clicked on

2020-09-22 16:27:35 - [TEST_STEP][PASSED] - click(findTestObject("Object Repository/Page_CURA Healthcare Service/a_CURA Healthcare_menu-toggle")): Object: 'Object Repository/Page_CURA Healthcare Service/a_CURA Healthcare_menu-toggle' is clicked on

2020-09-22 16:27:35 - [MESSAGE][PASSED] - Object: 'Object Repository/Page_CURA Healthcare Service/a_CURA Healthcare_menu-toggle' is clicked on

2020-09-22 16:27:35 - [TEST_STEP][PASSED] - click(findTestObject("Object Repository/Page_CURA Healthcare Service/a_Logout")): Object: 'Object Repository/Page_CURA Healthcare Service/a_Logout' is clicked on

2020-09-22 16:27:37 - [MESSAGE][PASSED] - Object: 'Object Repository/Page_CURA Healthcare Service/a_Logout' is clicked on]]></system-out>
         <system-err><![CDATA[]]></system-err>
      </testcase>
      <testcase name="Test Cases/002-Password Fail" time="9.828" classname="Test Cases/002-Password Fail" status="PASSED">
         <system-out><![CDATA[2020-09-22 16:27:37 - [TEST_CASE][PASSED] - Test Cases/002-Password Fail: Test Cases/002-Password Fail

2020-09-22 16:27:37 - [TEST_STEP][PASSED] - openBrowser(""): Browser is opened with url: ''

2020-09-22 16:27:37 - [MESSAGE][WARNING] - A browser is already opened. Closing browser and opening a new one

2020-09-22 16:27:37 - [MESSAGE][INFO] - Starting 'Chrome' driver

2020-09-22 16:27:37 - [MESSAGE][INFO] - Action delay is set to 0 milliseconds

2020-09-22 16:27:40 - [MESSAGE][PASSED] - Browser is opened with url: ''

2020-09-22 16:27:40 - [TEST_STEP][PASSED] - navigateToUrl("https://katalon-demo-cura.herokuapp.com/"): Navigate to 'https://katalon-demo-cura.herokuapp.com/' successfully

2020-09-22 16:27:43 - [MESSAGE][PASSED] - Navigate to 'https://katalon-demo-cura.herokuapp.com/' successfully

2020-09-22 16:27:43 - [TEST_STEP][PASSED] - click(findTestObject("Object Repository/Page_CURA Healthcare Service/a_Make Appointment")): Object: 'Object Repository/Page_CURA Healthcare Service/a_Make Appointment' is clicked on

2020-09-22 16:27:44 - [MESSAGE][PASSED] - Object: 'Object Repository/Page_CURA Healthcare Service/a_Make Appointment' is clicked on

2020-09-22 16:27:44 - [TEST_STEP][PASSED] - setText(findTestObject("Object Repository/Page_CURA Healthcare Service/input_Username_username"), "John Doe"): Text 'John Doe' is set on object 'Object Repository/Page_CURA Healthcare Service/input_Username_username'

2020-09-22 16:27:45 - [MESSAGE][PASSED] - Text 'John Doe' is set on object 'Object Repository/Page_CURA Healthcare Service/input_Username_username'

2020-09-22 16:27:45 - [TEST_STEP][PASSED] - click(findTestObject("Object Repository/Page_CURA Healthcare Service/button_Login")): Object: 'Object Repository/Page_CURA Healthcare Service/button_Login' is clicked on

2020-09-22 16:27:46 - [MESSAGE][PASSED] - Object: 'Object Repository/Page_CURA Healthcare Service/button_Login' is clicked on

2020-09-22 16:27:46 - [TEST_STEP][PASSED] - verifyElementPresent(findTestObject("Object Repository/Page_CURA Healthcare Service/input_Password_password"), 0): Object 'Object Repository/Page_CURA Healthcare Service/input_Password_password' is present

2020-09-22 16:27:46 - [MESSAGE][WARNING] - Timeout '0' is invalid. Using default page load timeout: '30'

2020-09-22 16:27:46 - [MESSAGE][PASSED] - Object 'Object Repository/Page_CURA Healthcare Service/input_Password_password' is present]]></system-out>
         <system-err><![CDATA[]]></system-err>
      </testcase>
      <system-out><![CDATA[2020-09-22 16:27:25 - [TEST_SUITE][PASSED] - LoginForm: Test Cases/002-Password Fail]]></system-out>
      <system-err><![CDATA[]]></system-err>
   </testsuite>
</testsuites>
